  mars-roverTest.cpp
c:\users\roblesca\documents\github\training_tdd\mars-rover\mars-rovertest\mars-rovertest.cpp(13): error C2065: 'Point': undeclared identifier
c:\users\roblesca\documents\github\training_tdd\mars-rover\mars-rovertest\mars-rovertest.cpp(13): error C2146: syntax error: missing ';' before identifier 'startingPoint'
c:\users\roblesca\documents\github\training_tdd\mars-rover\mars-rovertest\mars-rovertest.cpp(13): error C3861: 'startingPoint': identifier not found
c:\users\roblesca\documents\github\training_tdd\mars-rover\mars-rovertest\mars-rovertest.cpp(14): error C2065: 'Direction': undeclared identifier
c:\users\roblesca\documents\github\training_tdd\mars-rover\mars-rovertest\mars-rovertest.cpp(14): error C2146: syntax error: missing ';' before identifier 'startingDirectionToTheNorth'
c:\users\roblesca\documents\github\training_tdd\mars-rover\mars-rovertest\mars-rovertest.cpp(14): error C3861: 'startingDirectionToTheNorth': identifier not found
c:\users\roblesca\documents\github\training_tdd\mars-rover\mars-rovertest\mars-rovertest.cpp(16): error C2065: 'MarsRover': undeclared identifier
c:\users\roblesca\documents\github\training_tdd\mars-rover\mars-rovertest\mars-rovertest.cpp(16): error C2146: syntax error: missing ';' before identifier 'theRover'
c:\users\roblesca\documents\github\training_tdd\mars-rover\mars-rovertest\mars-rovertest.cpp(16): error C2065: 'startingPoint': undeclared identifier
c:\users\roblesca\documents\github\training_tdd\mars-rover\mars-rovertest\mars-rovertest.cpp(16): error C2065: 'startingDirectionToTheNorth': undeclared identifier
c:\users\roblesca\documents\github\training_tdd\mars-rover\mars-rovertest\mars-rovertest.cpp(16): error C3861: 'theRover': identifier not found
c:\users\roblesca\documents\github\training_tdd\mars-rover\mars-rovertest\mars-rovertest.cpp(18): error C2065: 'theRover': undeclared identifier
c:\users\roblesca\documents\github\training_tdd\mars-rover\mars-rovertest\mars-rovertest.cpp(18): error C2228: left of '.getStartingPoint' must have class/struct/union
  c:\users\roblesca\documents\github\training_tdd\mars-rover\mars-rovertest\mars-rovertest.cpp(18): note: type is 'unknown-type'
c:\users\roblesca\documents\github\training_tdd\mars-rover\mars-rovertest\mars-rovertest.cpp(18): error C2065: 'startingPoint': undeclared identifier
c:\users\roblesca\documents\github\training_tdd\mars-rover\mars-rovertest\mars-rovertest.cpp(18): error C2512: 'testing::AssertionResult': no appropriate default constructor available
  c:\gtest\gtest-1.7.0\include\gtest\gtest.h(256): note: see declaration of 'testing::AssertionResult'
c:\users\roblesca\documents\github\training_tdd\mars-rover\mars-rovertest\mars-rovertest.cpp(19): error C2065: 'theRover': undeclared identifier
c:\users\roblesca\documents\github\training_tdd\mars-rover\mars-rovertest\mars-rovertest.cpp(19): error C2228: left of '.getStartingDirection' must have class/struct/union
  c:\users\roblesca\documents\github\training_tdd\mars-rover\mars-rovertest\mars-rovertest.cpp(19): note: type is 'unknown-type'
c:\users\roblesca\documents\github\training_tdd\mars-rover\mars-rovertest\mars-rovertest.cpp(19): error C2065: 'startingDirectionToTheNorth': undeclared identifier
c:\users\roblesca\documents\github\training_tdd\mars-rover\mars-rovertest\mars-rovertest.cpp(19): error C2512: 'testing::AssertionResult': no appropriate default constructor available
  c:\gtest\gtest-1.7.0\include\gtest\gtest.h(256): note: see declaration of 'testing::AssertionResult'
