  mars-roverTest.cpp
mars-roverTest.obj : error LNK2019: unresolved external symbol "public: __thiscall Point::Point(int,int)" (??0Point@@QAE@HH@Z) referenced in function "private: virtual void __thiscall testMath_myMarsRoverTest_Test::TestBody(void)" (?TestBody@testMath_myMarsRoverTest_Test@@EAEXXZ)
C:\Users\roblesca\Documents\GitHub\training_tdd\mars-rover\Debug\mars-roverTest.exe : fatal error LNK1120: 1 unresolved externals
